<?xml version="1.0" encoding="UTF-8"?>
<testng-results skipped="0" failed="0" total="1" passed="1">
  <reporter-output>
  </reporter-output>
  <suite name="Default suite" duration-ms="18901" started-at="2019-05-28T05:44:20Z" finished-at="2019-05-28T05:44:39Z">
    <groups>
    </groups>
    <test name="Default test" duration-ms="18901" started-at="2019-05-28T05:44:20Z" finished-at="2019-05-28T05:44:39Z">
      <class name="com.orangehrm.utils.CommonUtils">
        <test-method status="PASS" signature="method1()[pri:0, instance:com.orangehrm.utils.CommonUtils@5ca609]" name="method1" duration-ms="18882" started-at="2019-05-28T11:14:20Z" finished-at="2019-05-28T11:14:39Z">
          <reporter-output>
          </reporter-output>
        </test-method> <!-- method1 -->
      </class> <!-- com.orangehrm.utils.CommonUtils -->
    </test> <!-- Default test -->
  </suite> <!-- Default suite -->
</testng-results>
